2025-12-30T10:07:00.533-04:00  INFO 24832 --- [main] com.mine.manager.ManagerApplication      : Starting ManagerApplication using Java 17.0.17 with PID 24832 (C:\Users\Daniela\Documents\EMCAR-BACK\EMCAR-mineral-backtend\manager-backend\build\classes\java\main started by Daniela in C:\Users\Daniela\Documents\EMCAR-BACK\EMCAR-mineral-backtend\manager-backend)
2025-12-30T10:07:00.536-04:00  INFO 24832 --- [main] com.mine.manager.ManagerApplication      : No active profile set, falling back to 1 default profile: "default"
2025-12-30T10:07:01.304-04:00  INFO 24832 --- [main] .s.d.r.c.RepositoryConfigurationDelegate : Bootstrapping Spring Data JPA repositories in DEFAULT mode.
2025-12-30T10:07:01.397-04:00  INFO 24832 --- [main] .s.d.r.c.RepositoryConfigurationDelegate : Finished Spring Data repository scanning in 85 ms. Found 11 JPA repository interfaces.
2025-12-30T10:07:01.954-04:00  INFO 24832 --- [main] o.s.b.w.embedded.tomcat.TomcatWebServer  : Tomcat initialized with port 8080 (http)
2025-12-30T10:07:01.964-04:00  INFO 24832 --- [main] o.apache.catalina.core.StandardService   : Starting service [Tomcat]
2025-12-30T10:07:01.965-04:00  INFO 24832 --- [main] o.apache.catalina.core.StandardEngine    : Starting Servlet engine: [Apache Tomcat/10.1.34]
2025-12-30T10:07:02.022-04:00  INFO 24832 --- [main] o.a.c.c.C.[Tomcat].[localhost].[/]       : Initializing Spring embedded WebApplicationContext
2025-12-30T10:07:02.023-04:00  INFO 24832 --- [main] w.s.c.ServletWebServerApplicationContext : Root WebApplicationContext: initialization completed in 1451 ms
2025-12-30T10:07:02.133-04:00  INFO 24832 --- [main] o.hibernate.jpa.internal.util.LogHelper  : HHH000204: Processing PersistenceUnitInfo [name: default]
2025-12-30T10:07:02.189-04:00  INFO 24832 --- [main] org.hibernate.Version                    : HHH000412: Hibernate ORM core version 6.6.4.Final
2025-12-30T10:07:02.224-04:00  INFO 24832 --- [main] o.h.c.internal.RegionFactoryInitiator    : HHH000026: Second-level cache disabled
2025-12-30T10:07:02.467-04:00  INFO 24832 --- [main] o.s.o.j.p.SpringPersistenceUnitInfo      : No LoadTimeWeaver setup: ignoring JPA class transformer
2025-12-30T10:07:02.494-04:00  INFO 24832 --- [main] com.zaxxer.hikari.HikariDataSource       : HikariPool-1 - Starting...
2025-12-30T10:07:02.633-04:00  INFO 24832 --- [main] com.zaxxer.hikari.pool.HikariPool        : HikariPool-1 - Added connection org.postgresql.jdbc.PgConnection@614cd187
2025-12-30T10:07:02.635-04:00  INFO 24832 --- [main] com.zaxxer.hikari.HikariDataSource       : HikariPool-1 - Start completed.
2025-12-30T10:07:02.663-04:00  WARN 24832 --- [main] org.hibernate.orm.deprecation            : HHH90000025: PostgreSQLDialect does not need to be specified explicitly using 'hibernate.dialect' (remove the property setting and it will be selected by default)
2025-12-30T10:07:02.681-04:00  INFO 24832 --- [main] org.hibernate.orm.connections.pooling    : HHH10001005: Database info:
	Database JDBC URL [Connecting through datasource 'HikariDataSource (HikariPool-1)']
	Database driver: undefined/unknown
	Database version: 15.5
	Autocommit mode: undefined/unknown
	Isolation level: undefined/unknown
	Minimum pool size: undefined/unknown
	Maximum pool size: undefined/unknown
2025-12-30T10:07:03.742-04:00  INFO 24832 --- [main] o.h.e.t.j.p.i.JtaPlatformInitiator       : HHH000489: No JTA platform available (set 'hibernate.transaction.jta.platform' to enable JTA platform integration)
2025-12-30T10:07:03.871-04:00  INFO 24832 --- [main] j.LocalContainerEntityManagerFactoryBean : Initialized JPA EntityManagerFactory for persistence unit 'default'
2025-12-30T10:07:04.246-04:00  INFO 24832 --- [main] o.s.d.j.r.query.QueryEnhancerFactory     : Hibernate is in classpath; If applicable, HQL parser will be used.
2025-12-30T10:07:06.555-04:00  INFO 24832 --- [main] eAuthenticationProviderManagerConfigurer : Global AuthenticationManager configured with AuthenticationProvider bean with name authenticationProvider
2025-12-30T10:07:06.556-04:00  WARN 24832 --- [main] r$InitializeUserDetailsManagerConfigurer : Global AuthenticationManager configured with an AuthenticationProvider bean. UserDetailsService beans will not be used by Spring Security for automatically configuring username/password login. Consider removing the AuthenticationProvider bean. Alternatively, consider using the UserDetailsService in a manually instantiated DaoAuthenticationProvider. If the current configuration is intentional, to turn off this warning, increase the logging level of 'org.springframework.security.config.annotation.authentication.configuration.InitializeUserDetailsBeanManagerConfigurer' to ERROR
2025-12-30T10:07:06.742-04:00  WARN 24832 --- [main] JpaBaseConfiguration$JpaWebConfiguration : spring.jpa.open-in-view is enabled by default. Therefore, database queries may be performed during view rendering. Explicitly configure spring.jpa.open-in-view to disable this warning
2025-12-30T10:07:07.349-04:00  INFO 24832 --- [main] o.s.b.w.embedded.tomcat.TomcatWebServer  : Tomcat started on port 8080 (http) with context path '/'
2025-12-30T10:07:07.358-04:00  INFO 24832 --- [main] com.mine.manager.ManagerApplication      : Started ManagerApplication in 7.276 seconds (process running for 7.762)
2025-12-30T10:07:17.118-04:00  INFO 24832 --- [http-nio-8080-exec-1] o.a.c.c.C.[Tomcat].[localhost].[/]       : Initializing Spring DispatcherServlet 'dispatcherServlet'
2025-12-30T10:07:17.118-04:00  INFO 24832 --- [http-nio-8080-exec-1] o.s.web.servlet.DispatcherServlet        : Initializing Servlet 'dispatcherServlet'
2025-12-30T10:07:17.119-04:00  INFO 24832 --- [http-nio-8080-exec-1] o.s.web.servlet.DispatcherServlet        : Completed initialization in 1 ms
2025-12-30T16:26:17.656-04:00  WARN 24832 --- [HikariPool-1 housekeeper] com.zaxxer.hikari.pool.HikariPool        : HikariPool-1 - Thread starvation or clock leap detected (housekeeper delta=3h44m42s470ms592µs300ns).
2025-12-30T18:01:22.078-04:00  WARN 24832 --- [HikariPool-1 housekeeper] com.zaxxer.hikari.pool.HikariPool        : HikariPool-1 - Thread starvation or clock leap detected (housekeeper delta=1h35m7s964ms92µs401ns).
